2018-04-27T13:34:52.769927 23.7
2018-04-27T13:34:59.908980 23.8
2018-04-27T13:36:01.340554 23.8
2018-04-27T13:37:02.888953 23.8
2018-04-27T13:38:03.568635 23.7
2018-04-27T13:40:18.382721 23.8
2018-04-27T13:41:00.565296 23.9
2018-04-27T13:42:02.240392 23.8
2018-04-27T13:43:04.185869 23.8
2018-04-27T13:44:05.926265 23.8
2018-04-27T13:45:07.833760 23.9
2018-04-27T13:46:09.788052 23.8
2018-04-27T13:47:11.509118 23.8
2018-04-27T13:48:13.451117 23.8
2018-04-27T13:49:15.391438 23.8
2018-04-27T13:50:17.124015 23.8
2018-04-27T13:51:19.061876 23.8
2018-04-27T13:52:20.938765 23.8
2018-04-27T13:53:22.904994 23.8
2018-04-27T13:54:24.599736 23.8
2018-04-27T13:55:26.201735 23.8
2018-04-27T13:56:27.727614 23.8
2018-04-27T13:57:29.435125 23.8
2018-04-27T13:58:31.170782 23.8
2018-04-27T13:59:33.093939 23.8
2018-04-27T13:59:39.590023 23.7
2018-04-27T13:59:40.236106 23.8
2018-04-27T14:00:40.800390 23.8
2018-04-27T14:01:42.387388 23.8
2018-04-27T14:02:43.807883 23.8
2018-04-27T14:03:45.482476 23.7
2018-04-27T14:04:46.508366 23.7
2018-04-27T14:05:48.453663 23.7
2018-04-27T14:09:09.830480 23.5
2018-04-27T14:09:59.949785 23.4
2018-04-27T14:10:00.595151 23.5
2018-04-27T14:11:01.337324 23.4
2018-04-27T14:11:20.426110 23.3
2018-04-27T14:11:21.077481 23.4
2018-04-27T14:12:22.614086 23.3
2018-04-27T14:13:06.128078 23.2
2018-04-27T14:13:06.766802 23.3
2018-04-27T14:14:07.964986 23.2
2018-04-27T14:15:09.820666 23.2
2018-04-27T14:16:39.265763 23.0
2018-04-27T14:16:39.910575 23.1
2018-04-27T14:17:41.507138 23.0
2018-04-27T14:18:43.218328 23.0
2018-04-27T14:18:51.013329 22.9
2018-04-27T14:18:51.657579 23.0
2018-04-27T14:19:53.105430 22.9
2018-04-27T14:20:54.831915 22.9
2018-04-27T14:21:56.575242 22.9
2018-04-27T14:22:30.960568 22.8
2018-04-27T14:22:31.606393 22.9
2018-04-27T14:23:33.407972 22.9
2018-04-27T14:24:35.163110 22.8
2018-04-27T14:25:37.044134 22.8
2018-04-27T14:33:08.028811 22.8
2018-04-27T14:34:09.797697 22.8
2018-04-27T14:35:10.687698 22.8
2018-04-27T14:36:12.437091 22.8
2018-04-27T14:36:22.832043 22.9
2018-04-27T14:37:24.384882 22.9
2018-04-27T14:38:25.266640 22.9
2018-04-27T14:38:57.315039 23.0
2018-04-27T14:39:58.133943 23.0
2018-04-27T14:40:59.476817 23.0
2018-04-27T14:43:45.089549 23.2
2018-04-27T14:44:46.807755 23.2
2018-04-27T14:45:47.577816 23.2
2018-04-27T14:46:44.496641 23.3
2018-04-27T14:47:46.002799 23.3
2018-04-27T14:48:47.410167 23.3
2018-04-27T14:49:45.895523 23.4
2018-04-27T14:50:47.356980 23.4
2018-04-27T14:51:48.941863 23.4
2018-04-27T14:52:50.450483 23.4
2018-04-27T14:53:17.304065 23.5
2018-04-27T14:54:19.047633 23.4
2018-04-27T14:55:20.748391 23.5
2018-04-27T14:56:22.251219 23.5
2018-04-27T14:57:22.872761 23.5
2018-04-27T14:57:44.737222 23.6
2018-04-27T14:58:45.130172 23.5
2018-04-27T14:59:45.966474 23.5
2018-04-27T15:00:47.622752 23.6
2018-04-27T15:01:49.123698 23.6
2018-04-27T15:02:50.772132 23.6
2018-04-27T15:03:51.261225 23.6
2018-04-27T15:04:52.204522 23.6
2018-04-27T15:04:56.090401 23.7
